app/build/intermediates/manifest_merge_blame_file/debug/manifest-merger-blame-debug-report.txt
1<?xml version="1.0" encoding="utf-8"?>
2<manifest xmlns:android="http://schemas.android.com/apk/res/android"
3    package="com.amazicadslibrary"
4    android:versionCode="1"
5    android:versionName="1.0" >
6
7    <uses-sdk
8        android:minSdkVersion="21"
8-->src\main\AndroidManifest.xml
9        android:targetSdkVersion="33" />
9-->src\main\AndroidManifest.xml
10
11    <uses-permission android:name="android.permission.INTERNET" />
11-->src\main\AndroidManifest.xml:5:5-67
11-->src\main\AndroidManifest.xml:5:22-64
12    <uses-permission android:name="android.permission.ACCESS_NETWORK_STATE" />
12-->[:ads] AndroidManifest.xml:8:5-79
12-->[:ads] AndroidManifest.xml:8:22-76
13    <uses-permission android:name="android.permission.WAKE_LOCK" />
13-->[:ads] AndroidManifest.xml:9:5-68
13-->[:ads] AndroidManifest.xml:9:22-65
14
15    <queries>
15-->[com.facebook.android:facebook-common:16.0.1] AndroidManifest.xml:17:5-19:15
16        <package android:name="com.facebook.katana" />
16-->[com.facebook.android:facebook-common:16.0.1] AndroidManifest.xml:18:9-55
16-->[com.facebook.android:facebook-common:16.0.1] AndroidManifest.xml:18:18-52
17        <!-- For browser content -->
18        <intent>
18-->[com.google.android.gms:play-services-ads-lite:22.6.0] AndroidManifest.xml:38:9-44:18
19            <action android:name="android.intent.action.VIEW" />
19-->[com.facebook.android:facebook-common:16.0.1] AndroidManifest.xml:32:17-69
19-->[com.facebook.android:facebook-common:16.0.1] AndroidManifest.xml:32:25-66
20
21            <category android:name="android.intent.category.BROWSABLE" />
21-->[com.facebook.android:facebook-common:16.0.1] AndroidManifest.xml:35:17-78
21-->[com.facebook.android:facebook-common:16.0.1] AndroidManifest.xml:35:27-75
22
23            <data android:scheme="https" />
23-->[com.facebook.android:facebook-common:16.0.1] AndroidManifest.xml:37:17-39:50
23-->[com.facebook.android:facebook-common:16.0.1] AndroidManifest.xml:39:21-47
24        </intent> <!-- End of browser content -->
25        <!-- For CustomTabsService -->
26        <intent>
26-->[com.google.android.gms:play-services-ads-lite:22.6.0] AndroidManifest.xml:47:9-49:18
27            <action android:name="android.support.customtabs.action.CustomTabsService" />
27-->[com.google.android.gms:play-services-ads-lite:22.6.0] AndroidManifest.xml:48:13-90
27-->[com.google.android.gms:play-services-ads-lite:22.6.0] AndroidManifest.xml:48:21-87
28        </intent>
29        <intent>
29-->[com.applovin:applovin-sdk:11.9.0] AndroidManifest.xml:12:9-14:18
30            <action android:name="com.applovin.am.intent.action.APPHUB_SERVICE" />
30-->[com.applovin:applovin-sdk:11.9.0] AndroidManifest.xml:13:13-83
30-->[com.applovin:applovin-sdk:11.9.0] AndroidManifest.xml:13:21-80
31        </intent>
32
33        <package android:name="com.instagram.android" />
33-->[com.adjust.sdk:adjust-android:4.38.0] AndroidManifest.xml:14:9-57
33-->[com.adjust.sdk:adjust-android:4.38.0] AndroidManifest.xml:14:18-54
34    </queries>
35
36    <uses-permission android:name="com.google.android.gms.permission.AD_ID" />
36-->[com.google.android.gms:play-services-measurement-api:21.3.0] AndroidManifest.xml:25:5-79
36-->[com.google.android.gms:play-services-measurement-api:21.3.0] AndroidManifest.xml:25:22-76
37    <uses-permission android:name="android.permission.ACCESS_ADSERVICES_AD_ID" />
37-->[com.google.android.gms:play-services-ads-lite:22.6.0] AndroidManifest.xml:27:5-82
37-->[com.google.android.gms:play-services-ads-lite:22.6.0] AndroidManifest.xml:27:22-79
38    <uses-permission android:name="android.permission.ACCESS_ADSERVICES_ATTRIBUTION" />
38-->[com.google.android.gms:play-services-ads-lite:22.6.0] AndroidManifest.xml:28:5-88
38-->[com.google.android.gms:play-services-ads-lite:22.6.0] AndroidManifest.xml:28:22-85
39    <uses-permission android:name="android.permission.ACCESS_ADSERVICES_TOPICS" />
39-->[com.google.android.gms:play-services-ads-lite:22.6.0] AndroidManifest.xml:29:5-83
39-->[com.google.android.gms:play-services-ads-lite:22.6.0] AndroidManifest.xml:29:22-80
40    <uses-permission android:name="com.applovin.array.apphub.permission.BIND_APPHUB_SERVICE" /> <!-- Permissions required by Open Measurement SDK -->
40-->[com.applovin:applovin-sdk:11.9.0] AndroidManifest.xml:20:5-96
40-->[com.applovin:applovin-sdk:11.9.0] AndroidManifest.xml:20:22-93
41    <uses-permission android:name="android.permission.ACCESS_WIFI_STATE" />
41-->[com.applovin:applovin-sdk:11.9.0] AndroidManifest.xml:23:5-76
41-->[com.applovin:applovin-sdk:11.9.0] AndroidManifest.xml:23:22-73
42    <uses-permission android:name="com.google.android.finsky.permission.BIND_GET_INSTALL_REFERRER_SERVICE" />
42-->[com.google.android.gms:play-services-measurement:21.3.0] AndroidManifest.xml:26:5-110
42-->[com.google.android.gms:play-services-measurement:21.3.0] AndroidManifest.xml:26:22-107
43    <uses-permission android:name="android.permission.FOREGROUND_SERVICE" />
43-->[androidx.work:work-runtime:2.7.0] AndroidManifest.xml:28:5-77
43-->[androidx.work:work-runtime:2.7.0] AndroidManifest.xml:28:22-74
44
45    <permission
45-->[androidx.core:core:1.9.0] AndroidManifest.xml:22:5-24:47
46        android:name="com.amazicadslibrary.DYNAMIC_RECEIVER_NOT_EXPORTED_PERMISSION"
46-->[androidx.core:core:1.9.0] AndroidManifest.xml:23:9-81
47        android:protectionLevel="signature" />
47-->[androidx.core:core:1.9.0] AndroidManifest.xml:24:9-44
48
49    <uses-permission android:name="com.amazicadslibrary.DYNAMIC_RECEIVER_NOT_EXPORTED_PERMISSION" />
49-->[androidx.core:core:1.9.0] AndroidManifest.xml:26:5-97
49-->[androidx.core:core:1.9.0] AndroidManifest.xml:26:22-94
50
51    <application
51-->src\main\AndroidManifest.xml:7:5-46:19
52        android:name="com.amazicadslibrary.MyApplication"
52-->src\main\AndroidManifest.xml:8:9-38
53        android:allowBackup="true"
53-->src\main\AndroidManifest.xml:9:9-35
54        android:appComponentFactory="androidx.core.app.CoreComponentFactory"
54-->[androidx.core:core:1.9.0] AndroidManifest.xml:28:18-86
55        android:debuggable="true"
56        android:fullBackupContent="@xml/appsflyer_backup_rules"
56-->[com.appsflyer:af-android-sdk:6.8.2] AndroidManifest.xml:15:18-73
57        android:icon="@drawable/logo_metal"
57-->src\main\AndroidManifest.xml:13:9-44
58        android:label="@string/app_name"
58-->src\main\AndroidManifest.xml:10:9-41
59        android:logo="@drawable/logo_metal"
59-->src\main\AndroidManifest.xml:11:9-44
60        android:roundIcon="@drawable/logo_metal"
60-->src\main\AndroidManifest.xml:12:9-49
61        android:supportsRtl="true"
61-->src\main\AndroidManifest.xml:14:9-35
62        android:testOnly="true"
63        android:theme="@style/Theme.AmazicAdsLibrary"
63-->src\main\AndroidManifest.xml:15:9-54
64        android:usesCleartextTraffic="true" >
64-->src\main\AndroidManifest.xml:16:9-44
65        <activity
65-->src\main\AndroidManifest.xml:17:9-19:40
66            android:name="com.amazicadslibrary.MainActivity4"
66-->src\main\AndroidManifest.xml:18:13-42
67            android:exported="false" />
67-->src\main\AndroidManifest.xml:19:13-37
68        <activity
68-->src\main\AndroidManifest.xml:20:9-22:40
69            android:name="com.amazicadslibrary.ResumeActivity"
69-->src\main\AndroidManifest.xml:21:13-43
70            android:exported="false" />
70-->src\main\AndroidManifest.xml:22:13-37
71        <activity android:name="com.amazicadslibrary.MainActivity3" />
71-->src\main\AndroidManifest.xml:23:9-51
71-->src\main\AndroidManifest.xml:23:19-48
72        <activity
72-->src\main\AndroidManifest.xml:24:9-32:20
73            android:name="com.amazicadslibrary.Splash"
73-->src\main\AndroidManifest.xml:25:13-35
74            android:exported="true" >
74-->src\main\AndroidManifest.xml:26:13-36
75            <intent-filter>
75-->src\main\AndroidManifest.xml:27:13-31:29
76                <action android:name="android.intent.action.MAIN" />
76-->src\main\AndroidManifest.xml:28:17-69
76-->src\main\AndroidManifest.xml:28:25-66
77
78                <category android:name="android.intent.category.LAUNCHER" />
78-->src\main\AndroidManifest.xml:30:17-77
78-->src\main\AndroidManifest.xml:30:27-74
79            </intent-filter>
80        </activity>
81        <activity android:name="com.amazicadslibrary.MainActivity2" />
81-->src\main\AndroidManifest.xml:33:9-51
81-->src\main\AndroidManifest.xml:33:19-48
82        <activity android:name="com.amazicadslibrary.MainManagerActivity" />
82-->src\main\AndroidManifest.xml:34:9-57
82-->src\main\AndroidManifest.xml:34:19-54
83        <activity
83-->src\main\AndroidManifest.xml:35:9-38:20
84            android:name="com.amazicadslibrary.MainActivity"
84-->src\main\AndroidManifest.xml:35:19-47
85            android:exported="true" >
85-->src\main\AndroidManifest.xml:36:13-36
86        </activity>
87
88        <meta-data
88-->src\main\AndroidManifest.xml:40:9-42:70
89            android:name="com.google.android.gms.ads.APPLICATION_ID"
89-->src\main\AndroidManifest.xml:41:13-69
90            android:value="ca-app-pub-3940256099942544~3347511713" />
90-->src\main\AndroidManifest.xml:42:13-67
91        <meta-data
91-->src\main\AndroidManifest.xml:43:9-45:118
92            android:name="applovin.sdk.key"
92-->src\main\AndroidManifest.xml:44:13-44
93            android:value="VVIqwEtdXn9RkPMcoBv0GOvmmCmvwb5aLGm6m0sqH9v8fT_Xtlz75dNvLvWWV4c7pBiUk6Z1cxfISWgVTgbzIo" />
93-->src\main\AndroidManifest.xml:45:13-115
94
95        <activity
95-->[com.facebook.android:facebook-common:16.0.1] AndroidManifest.xml:22:9-25:66
96            android:name="com.facebook.FacebookActivity"
96-->[com.facebook.android:facebook-common:16.0.1] AndroidManifest.xml:23:13-57
97            android:configChanges="keyboard|keyboardHidden|screenLayout|screenSize|orientation"
97-->[com.facebook.android:facebook-common:16.0.1] AndroidManifest.xml:24:13-96
98            android:theme="@style/com_facebook_activity_theme" />
98-->[com.facebook.android:facebook-common:16.0.1] AndroidManifest.xml:25:13-63
99        <activity android:name="com.facebook.CustomTabMainActivity" />
99-->[com.facebook.android:facebook-common:16.0.1] AndroidManifest.xml:26:9-71
99-->[com.facebook.android:facebook-common:16.0.1] AndroidManifest.xml:26:19-68
100        <activity
100-->[com.facebook.android:facebook-common:16.0.1] AndroidManifest.xml:27:9-41:20
101            android:name="com.facebook.CustomTabActivity"
101-->[com.facebook.android:facebook-common:16.0.1] AndroidManifest.xml:28:13-58
102            android:exported="true" >
102-->[com.facebook.android:facebook-common:16.0.1] AndroidManifest.xml:29:13-36
103            <intent-filter>
103-->[com.facebook.android:facebook-common:16.0.1] AndroidManifest.xml:31:13-40:29
104                <action android:name="android.intent.action.VIEW" />
104-->[com.facebook.android:facebook-common:16.0.1] AndroidManifest.xml:32:17-69
104-->[com.facebook.android:facebook-common:16.0.1] AndroidManifest.xml:32:25-66
105
106                <category android:name="android.intent.category.DEFAULT" />
106-->[com.facebook.android:facebook-common:16.0.1] AndroidManifest.xml:34:17-76
106-->[com.facebook.android:facebook-common:16.0.1] AndroidManifest.xml:34:27-73
107                <category android:name="android.intent.category.BROWSABLE" />
107-->[com.facebook.android:facebook-common:16.0.1] AndroidManifest.xml:35:17-78
107-->[com.facebook.android:facebook-common:16.0.1] AndroidManifest.xml:35:27-75
108
109                <data
109-->[com.facebook.android:facebook-common:16.0.1] AndroidManifest.xml:37:17-39:50
110                    android:host="cct.com.amazicadslibrary"
110-->[com.facebook.android:facebook-common:16.0.1] AndroidManifest.xml:38:21-56
111                    android:scheme="fbconnect" />
111-->[com.facebook.android:facebook-common:16.0.1] AndroidManifest.xml:39:21-47
112            </intent-filter>
113        </activity>
114
115        <service
115-->[com.google.firebase:firebase-config:21.4.0] AndroidManifest.xml:28:9-34:19
116            android:name="com.google.firebase.components.ComponentDiscoveryService"
116-->[com.google.firebase:firebase-config:21.4.0] AndroidManifest.xml:29:13-84
117            android:directBootAware="true"
117-->[com.google.firebase:firebase-common:20.3.2] AndroidManifest.xml:34:13-43
118            android:exported="false" >
118-->[com.google.firebase:firebase-config:21.4.0] AndroidManifest.xml:30:13-37
119            <meta-data
119-->[com.google.firebase:firebase-config:21.4.0] AndroidManifest.xml:31:13-33:85
120                android:name="com.google.firebase.components:com.google.firebase.remoteconfig.RemoteConfigRegistrar"
120-->[com.google.firebase:firebase-config:21.4.0] AndroidManifest.xml:32:17-117
121                android:value="com.google.firebase.components.ComponentRegistrar" />
121-->[com.google.firebase:firebase-config:21.4.0] AndroidManifest.xml:33:17-82
122            <meta-data
122-->[com.google.android.gms:play-services-measurement-api:21.3.0] AndroidManifest.xml:31:13-33:85
123                android:name="com.google.firebase.components:com.google.firebase.analytics.connector.internal.AnalyticsConnectorRegistrar"
123-->[com.google.android.gms:play-services-measurement-api:21.3.0] AndroidManifest.xml:32:17-139
124                android:value="com.google.firebase.components.ComponentRegistrar" />
124-->[com.google.android.gms:play-services-measurement-api:21.3.0] AndroidManifest.xml:33:17-82
125            <meta-data
125-->[com.google.firebase:firebase-abt:21.1.1] AndroidManifest.xml:12:13-14:85
126                android:name="com.google.firebase.components:com.google.firebase.abt.component.AbtRegistrar"
126-->[com.google.firebase:firebase-abt:21.1.1] AndroidManifest.xml:13:17-109
127                android:value="com.google.firebase.components.ComponentRegistrar" />
127-->[com.google.firebase:firebase-abt:21.1.1] AndroidManifest.xml:14:17-82
128            <meta-data
128-->[com.google.firebase:firebase-installations:17.1.3] AndroidManifest.xml:17:13-19:85
129                android:name="com.google.firebase.components:com.google.firebase.installations.FirebaseInstallationsRegistrar"
129-->[com.google.firebase:firebase-installations:17.1.3] AndroidManifest.xml:18:17-127
130                android:value="com.google.firebase.components.ComponentRegistrar" />
130-->[com.google.firebase:firebase-installations:17.1.3] AndroidManifest.xml:19:17-82
131        </service>
132
133        <provider
133-->[com.google.firebase:firebase-common:20.3.2] AndroidManifest.xml:25:9-30:39
134            android:name="com.google.firebase.provider.FirebaseInitProvider"
134-->[com.google.firebase:firebase-common:20.3.2] AndroidManifest.xml:26:13-77
135            android:authorities="com.amazicadslibrary.firebaseinitprovider"
135-->[com.google.firebase:firebase-common:20.3.2] AndroidManifest.xml:27:13-72
136            android:directBootAware="true"
136-->[com.google.firebase:firebase-common:20.3.2] AndroidManifest.xml:28:13-43
137            android:exported="false"
137-->[com.google.firebase:firebase-common:20.3.2] AndroidManifest.xml:29:13-37
138            android:initOrder="100" /> <!-- Include the AdActivity and InAppPurchaseActivity configChanges and themes. -->
138-->[com.google.firebase:firebase-common:20.3.2] AndroidManifest.xml:30:13-36
139        <activity
139-->[com.google.android.gms:play-services-ads-lite:22.6.0] AndroidManifest.xml:56:9-61:43
140            android:name="com.google.android.gms.ads.AdActivity"
140-->[com.google.android.gms:play-services-ads-lite:22.6.0] AndroidManifest.xml:57:13-65
141            android:configChanges="keyboard|keyboardHidden|orientation|screenLayout|uiMode|screenSize|smallestScreenSize"
141-->[com.google.android.gms:play-services-ads-lite:22.6.0] AndroidManifest.xml:58:13-122
142            android:exported="false"
142-->[com.google.android.gms:play-services-ads-lite:22.6.0] AndroidManifest.xml:59:13-37
143            android:theme="@android:style/Theme.Translucent" />
143-->[com.google.android.gms:play-services-ads-lite:22.6.0] AndroidManifest.xml:60:13-61
144
145        <provider
145-->[com.google.android.gms:play-services-ads-lite:22.6.0] AndroidManifest.xml:63:9-68:43
146            android:name="com.google.android.gms.ads.MobileAdsInitProvider"
146-->[com.google.android.gms:play-services-ads-lite:22.6.0] AndroidManifest.xml:64:13-76
147            android:authorities="com.amazicadslibrary.mobileadsinitprovider"
147-->[com.google.android.gms:play-services-ads-lite:22.6.0] AndroidManifest.xml:65:13-73
148            android:exported="false"
148-->[com.google.android.gms:play-services-ads-lite:22.6.0] AndroidManifest.xml:66:13-37
149            android:initOrder="100" />
149-->[com.google.android.gms:play-services-ads-lite:22.6.0] AndroidManifest.xml:67:13-36
150
151        <service
151-->[com.google.android.gms:play-services-ads-lite:22.6.0] AndroidManifest.xml:70:9-74:43
152            android:name="com.google.android.gms.ads.AdService"
152-->[com.google.android.gms:play-services-ads-lite:22.6.0] AndroidManifest.xml:71:13-64
153            android:enabled="true"
153-->[com.google.android.gms:play-services-ads-lite:22.6.0] AndroidManifest.xml:72:13-35
154            android:exported="false" />
154-->[com.google.android.gms:play-services-ads-lite:22.6.0] AndroidManifest.xml:73:13-37
155
156        <activity
156-->[com.google.android.gms:play-services-ads-lite:22.6.0] AndroidManifest.xml:76:9-80:43
157            android:name="com.google.android.gms.ads.OutOfContextTestingActivity"
157-->[com.google.android.gms:play-services-ads-lite:22.6.0] AndroidManifest.xml:77:13-82
158            android:configChanges="keyboard|keyboardHidden|orientation|screenLayout|uiMode|screenSize|smallestScreenSize"
158-->[com.google.android.gms:play-services-ads-lite:22.6.0] AndroidManifest.xml:78:13-122
159            android:exported="false" />
159-->[com.google.android.gms:play-services-ads-lite:22.6.0] AndroidManifest.xml:79:13-37
160        <activity
160-->[com.google.android.gms:play-services-ads-lite:22.6.0] AndroidManifest.xml:81:9-88:43
161            android:name="com.google.android.gms.ads.NotificationHandlerActivity"
161-->[com.google.android.gms:play-services-ads-lite:22.6.0] AndroidManifest.xml:82:13-82
162            android:excludeFromRecents="true"
162-->[com.google.android.gms:play-services-ads-lite:22.6.0] AndroidManifest.xml:83:13-46
163            android:exported="false"
163-->[com.google.android.gms:play-services-ads-lite:22.6.0] AndroidManifest.xml:84:13-37
164            android:launchMode="singleTask"
164-->[com.google.android.gms:play-services-ads-lite:22.6.0] AndroidManifest.xml:85:13-44
165            android:taskAffinity=""
165-->[com.google.android.gms:play-services-ads-lite:22.6.0] AndroidManifest.xml:86:13-36
166            android:theme="@android:style/Theme.Translucent.NoTitleBar" />
166-->[com.google.android.gms:play-services-ads-lite:22.6.0] AndroidManifest.xml:87:13-72
167
168        <property
168-->[com.google.android.gms:play-services-ads-lite:22.6.0] AndroidManifest.xml:90:9-92:62
169            android:name="android.adservices.AD_SERVICES_CONFIG"
169-->[com.google.android.gms:play-services-ads-lite:22.6.0] AndroidManifest.xml:91:13-65
170            android:resource="@xml/gma_ad_services_config" />
170-->[com.google.android.gms:play-services-ads-lite:22.6.0] AndroidManifest.xml:92:13-59
171
172        <provider
172-->[com.applovin:applovin-sdk:11.9.0] AndroidManifest.xml:26:9-30:39
173            android:name="com.applovin.sdk.AppLovinInitProvider"
173-->[com.applovin:applovin-sdk:11.9.0] AndroidManifest.xml:27:13-65
174            android:authorities="com.amazicadslibrary.applovininitprovider"
174-->[com.applovin:applovin-sdk:11.9.0] AndroidManifest.xml:28:13-72
175            android:exported="false"
175-->[com.applovin:applovin-sdk:11.9.0] AndroidManifest.xml:29:13-37
176            android:initOrder="101" /> <!-- Init order is 101 so we're before Firebase/Google which uses 100 -->
176-->[com.applovin:applovin-sdk:11.9.0] AndroidManifest.xml:30:13-36
177        <activity
177-->[com.applovin:applovin-sdk:11.9.0] AndroidManifest.xml:32:9-38:50
178            android:name="com.applovin.adview.AppLovinFullscreenActivity"
178-->[com.applovin:applovin-sdk:11.9.0] AndroidManifest.xml:33:13-74
179            android:configChanges="fontScale|keyboard|keyboardHidden|locale|orientation|screenLayout|screenSize|smallestScreenSize|uiMode"
179-->[com.applovin:applovin-sdk:11.9.0] AndroidManifest.xml:34:13-139
180            android:exported="false"
180-->[com.applovin:applovin-sdk:11.9.0] AndroidManifest.xml:35:13-37
181            android:hardwareAccelerated="true"
181-->[com.applovin:applovin-sdk:11.9.0] AndroidManifest.xml:36:13-47
182            android:launchMode="singleTop"
182-->[com.applovin:applovin-sdk:11.9.0] AndroidManifest.xml:37:13-43
183            android:screenOrientation="behind" />
183-->[com.applovin:applovin-sdk:11.9.0] AndroidManifest.xml:38:13-47
184        <activity
184-->[com.applovin:applovin-sdk:11.9.0] AndroidManifest.xml:39:9-41:142
185            android:name="com.applovin.sdk.AppLovinWebViewActivity"
185-->[com.applovin:applovin-sdk:11.9.0] AndroidManifest.xml:40:13-68
186            android:configChanges="fontScale|keyboard|keyboardHidden|locale|orientation|screenLayout|screenSize|smallestScreenSize|uiMode" /> <!-- Hybrid Ad Activities -->
186-->[com.applovin:applovin-sdk:11.9.0] AndroidManifest.xml:41:13-139
187        <activity
187-->[com.applovin:applovin-sdk:11.9.0] AndroidManifest.xml:44:9-46:142
188            android:name="com.applovin.mediation.hybridAds.MaxHybridMRecAdActivity"
188-->[com.applovin:applovin-sdk:11.9.0] AndroidManifest.xml:45:13-84
189            android:configChanges="fontScale|keyboard|keyboardHidden|locale|orientation|screenLayout|screenSize|smallestScreenSize|uiMode" />
189-->[com.applovin:applovin-sdk:11.9.0] AndroidManifest.xml:46:13-139
190        <activity
190-->[com.applovin:applovin-sdk:11.9.0] AndroidManifest.xml:47:9-49:142
191            android:name="com.applovin.mediation.hybridAds.MaxHybridNativeAdActivity"
191-->[com.applovin:applovin-sdk:11.9.0] AndroidManifest.xml:48:13-86
192            android:configChanges="fontScale|keyboard|keyboardHidden|locale|orientation|screenLayout|screenSize|smallestScreenSize|uiMode" /> <!-- Mediation Debugger Activities -->
192-->[com.applovin:applovin-sdk:11.9.0] AndroidManifest.xml:49:13-139
193        <activity
193-->[com.applovin:applovin-sdk:11.9.0] AndroidManifest.xml:52:9-55:87
194            android:name="com.applovin.mediation.MaxDebuggerActivity"
194-->[com.applovin:applovin-sdk:11.9.0] AndroidManifest.xml:53:13-70
195            android:configChanges="fontScale|keyboard|keyboardHidden|locale|orientation|screenLayout|screenSize|smallestScreenSize|uiMode"
195-->[com.applovin:applovin-sdk:11.9.0] AndroidManifest.xml:54:13-139
196            android:theme="@style/com.applovin.mediation.MaxDebuggerActivity.Theme" />
196-->[com.applovin:applovin-sdk:11.9.0] AndroidManifest.xml:55:13-84
197        <activity
197-->[com.applovin:applovin-sdk:11.9.0] AndroidManifest.xml:56:9-59:87
198            android:name="com.applovin.mediation.MaxDebuggerDetailActivity"
198-->[com.applovin:applovin-sdk:11.9.0] AndroidManifest.xml:57:13-76
199            android:configChanges="fontScale|keyboard|keyboardHidden|locale|orientation|screenLayout|screenSize|smallestScreenSize|uiMode"
199-->[com.applovin:applovin-sdk:11.9.0] AndroidManifest.xml:58:13-139
200            android:theme="@style/com.applovin.mediation.MaxDebuggerActivity.Theme" />
200-->[com.applovin:applovin-sdk:11.9.0] AndroidManifest.xml:59:13-84
201        <activity
201-->[com.applovin:applovin-sdk:11.9.0] AndroidManifest.xml:60:9-63:87
202            android:name="com.applovin.mediation.MaxDebuggerMultiAdActivity"
202-->[com.applovin:applovin-sdk:11.9.0] AndroidManifest.xml:61:13-77
203            android:configChanges="fontScale|keyboard|keyboardHidden|locale|orientation|screenLayout|screenSize|smallestScreenSize|uiMode"
203-->[com.applovin:applovin-sdk:11.9.0] AndroidManifest.xml:62:13-139
204            android:theme="@style/com.applovin.mediation.MaxDebuggerActivity.Theme" />
204-->[com.applovin:applovin-sdk:11.9.0] AndroidManifest.xml:63:13-84
205        <activity
205-->[com.applovin:applovin-sdk:11.9.0] AndroidManifest.xml:64:9-67:87
206            android:name="com.applovin.mediation.MaxDebuggerAdUnitsListActivity"
206-->[com.applovin:applovin-sdk:11.9.0] AndroidManifest.xml:65:13-81
207            android:configChanges="fontScale|keyboard|keyboardHidden|locale|orientation|screenLayout|screenSize|smallestScreenSize|uiMode"
207-->[com.applovin:applovin-sdk:11.9.0] AndroidManifest.xml:66:13-139
208            android:theme="@style/com.applovin.mediation.MaxDebuggerActivity.Theme" />
208-->[com.applovin:applovin-sdk:11.9.0] AndroidManifest.xml:67:13-84
209        <activity
209-->[com.applovin:applovin-sdk:11.9.0] AndroidManifest.xml:68:9-71:87
210            android:name="com.applovin.mediation.MaxDebuggerAdUnitDetailActivity"
210-->[com.applovin:applovin-sdk:11.9.0] AndroidManifest.xml:69:13-82
211            android:configChanges="fontScale|keyboard|keyboardHidden|locale|orientation|screenLayout|screenSize|smallestScreenSize|uiMode"
211-->[com.applovin:applovin-sdk:11.9.0] AndroidManifest.xml:70:13-139
212            android:theme="@style/com.applovin.mediation.MaxDebuggerActivity.Theme" />
212-->[com.applovin:applovin-sdk:11.9.0] AndroidManifest.xml:71:13-84
213        <activity
213-->[com.applovin:applovin-sdk:11.9.0] AndroidManifest.xml:72:9-75:87
214            android:name="com.applovin.mediation.MaxDebuggerTestLiveNetworkActivity"
214-->[com.applovin:applovin-sdk:11.9.0] AndroidManifest.xml:73:13-85
215            android:configChanges="fontScale|keyboard|keyboardHidden|locale|orientation|screenLayout|screenSize|smallestScreenSize|uiMode"
215-->[com.applovin:applovin-sdk:11.9.0] AndroidManifest.xml:74:13-139
216            android:theme="@style/com.applovin.mediation.MaxDebuggerActivity.Theme" />
216-->[com.applovin:applovin-sdk:11.9.0] AndroidManifest.xml:75:13-84
217        <activity
217-->[com.applovin:applovin-sdk:11.9.0] AndroidManifest.xml:76:9-79:87
218            android:name="com.applovin.mediation.MaxDebuggerTestModeNetworkActivity"
218-->[com.applovin:applovin-sdk:11.9.0] AndroidManifest.xml:77:13-85
219            android:configChanges="fontScale|keyboard|keyboardHidden|locale|orientation|screenLayout|screenSize|smallestScreenSize|uiMode"
219-->[com.applovin:applovin-sdk:11.9.0] AndroidManifest.xml:78:13-139
220            android:theme="@style/com.applovin.mediation.MaxDebuggerActivity.Theme" />
220-->[com.applovin:applovin-sdk:11.9.0] AndroidManifest.xml:79:13-84
221        <activity
221-->[com.applovin:applovin-sdk:11.9.0] AndroidManifest.xml:80:9-83:91
222            android:name="com.applovin.creative.MaxCreativeDebuggerActivity"
222-->[com.applovin:applovin-sdk:11.9.0] AndroidManifest.xml:81:13-77
223            android:configChanges="fontScale|keyboard|keyboardHidden|locale|orientation|screenLayout|screenSize|smallestScreenSize|uiMode"
223-->[com.applovin:applovin-sdk:11.9.0] AndroidManifest.xml:82:13-139
224            android:theme="@style/com.applovin.creative.CreativeDebuggerActivity.Theme" />
224-->[com.applovin:applovin-sdk:11.9.0] AndroidManifest.xml:83:13-88
225        <activity
225-->[com.applovin:applovin-sdk:11.9.0] AndroidManifest.xml:84:9-87:91
226            android:name="com.applovin.creative.MaxCreativeDebuggerDisplayedAdActivity"
226-->[com.applovin:applovin-sdk:11.9.0] AndroidManifest.xml:85:13-88
227            android:configChanges="fontScale|keyboard|keyboardHidden|locale|orientation|screenLayout|screenSize|smallestScreenSize|uiMode"
227-->[com.applovin:applovin-sdk:11.9.0] AndroidManifest.xml:86:13-139
228            android:theme="@style/com.applovin.creative.CreativeDebuggerActivity.Theme" /> <!-- Services -->
228-->[com.applovin:applovin-sdk:11.9.0] AndroidManifest.xml:87:13-88
229        <service
229-->[com.applovin:applovin-sdk:11.9.0] AndroidManifest.xml:90:9-93:44
230            android:name="com.applovin.impl.sdk.utils.AppKilledService"
230-->[com.applovin:applovin-sdk:11.9.0] AndroidManifest.xml:91:13-72
231            android:exported="false"
231-->[com.applovin:applovin-sdk:11.9.0] AndroidManifest.xml:92:13-37
232            android:stopWithTask="false" />
232-->[com.applovin:applovin-sdk:11.9.0] AndroidManifest.xml:93:13-41
233        <service
233-->[com.applovin:applovin-sdk:11.9.0] AndroidManifest.xml:94:9-97:44
234            android:name="com.applovin.impl.adview.activity.FullscreenAdService"
234-->[com.applovin:applovin-sdk:11.9.0] AndroidManifest.xml:95:13-81
235            android:exported="false"
235-->[com.applovin:applovin-sdk:11.9.0] AndroidManifest.xml:96:13-37
236            android:stopWithTask="false" />
236-->[com.applovin:applovin-sdk:11.9.0] AndroidManifest.xml:97:13-41
237
238        <receiver
238-->[com.google.android.gms:play-services-measurement:21.3.0] AndroidManifest.xml:29:9-33:20
239            android:name="com.google.android.gms.measurement.AppMeasurementReceiver"
239-->[com.google.android.gms:play-services-measurement:21.3.0] AndroidManifest.xml:30:13-85
240            android:enabled="true"
240-->[com.google.android.gms:play-services-measurement:21.3.0] AndroidManifest.xml:31:13-35
241            android:exported="false" >
241-->[com.google.android.gms:play-services-measurement:21.3.0] AndroidManifest.xml:32:13-37
242        </receiver>
243
244        <service
244-->[com.google.android.gms:play-services-measurement:21.3.0] AndroidManifest.xml:35:9-38:40
245            android:name="com.google.android.gms.measurement.AppMeasurementService"
245-->[com.google.android.gms:play-services-measurement:21.3.0] AndroidManifest.xml:36:13-84
246            android:enabled="true"